[debug] [2022-12-29T13:36:45.924Z] ----------------------------------------------------------------------
[debug] [2022-12-29T13:36:45.929Z] Command:       C:\Program Files\nodejs\node.exe C:\Users\dsich\AppData\Roaming\npm\node_modules\firebase-tools\lib\bin\firebase.js emulators:start --only functions
[debug] [2022-12-29T13:36:45.931Z] CLI Version:   11.19.0
[debug] [2022-12-29T13:36:45.931Z] Platform:      win32
[debug] [2022-12-29T13:36:45.931Z] Node Version:  v16.18.0
[debug] [2022-12-29T13:36:45.947Z] Time:          Thu Dec 29 2022 16:36:45 GMT+0300 (East Africa Time)
[debug] [2022-12-29T13:36:45.947Z] ----------------------------------------------------------------------
[debug] 
[debug] [2022-12-29T13:36:46.204Z] > command requires scopes: ["email","openid","https://www.googleapis.com/auth/cloudplatformprojects.readonly","https://www.googleapis.com/auth/firebase","https://www.googleapis.com/auth/cloud-platform"]
[debug] [2022-12-29T13:36:46.205Z] > authorizing via signed-in user (dsichale@gmail.com)
[info] i  emulators: Starting emulators: functions {"metadata":{"emulator":{"name":"hub"},"message":"Starting emulators: functions"}}
[debug] [2022-12-29T13:36:46.242Z] [logging] Logging Emulator only supports listening on one address (127.0.0.1). Not listening on ::1
[debug] [2022-12-29T13:36:46.244Z] assigned listening specs for emulators {"user":{"hub":[{"address":"127.0.0.1","family":"IPv4","port":4400},{"address":"::1","family":"IPv6","port":4400}],"ui":[{"address":"127.0.0.1","family":"IPv4","port":4000},{"address":"::1","family":"IPv6","port":4000}],"logging":[{"address":"127.0.0.1","family":"IPv4","port":4500}]},"metadata":{"message":"assigned listening specs for emulators"}}
[warn] !  emulators: It seems that you are running multiple instances of the emulator suite for project clone-1e0b0. This may result in unexpected behavior. 
[debug] [2022-12-29T13:36:46.274Z] [hub] writing locator at C:\Users\dsich\AppData\Local\Temp\hub-clone-1e0b0.json
[debug] [2022-12-29T13:36:46.360Z] [functions] Functions Emulator only supports listening on one address (127.0.0.1). Not listening on ::1
[debug] [2022-12-29T13:36:46.360Z] [eventarc] Eventarc Emulator only supports listening on one address (127.0.0.1). Not listening on ::1
[debug] [2022-12-29T13:36:46.360Z] late-assigned ports for functions and eventarc emulators {"user":{"hub":[{"address":"127.0.0.1","family":"IPv4","port":4400},{"address":"::1","family":"IPv6","port":4400}],"ui":[{"address":"127.0.0.1","family":"IPv4","port":4000},{"address":"::1","family":"IPv6","port":4000}],"logging":[{"address":"127.0.0.1","family":"IPv4","port":4500}],"functions":[{"address":"127.0.0.1","family":"IPv4","port":5001}],"eventarc":[{"address":"127.0.0.1","family":"IPv4","port":9299}]},"metadata":{"message":"late-assigned ports for functions and eventarc emulators"}}
[warn] !  functions: The following emulators are not running, calls to these services from the Functions emulator will affect production: auth, firestore, database, hosting, pubsub, storage {"metadata":{"emulator":{"name":"functions"},"message":"The following emulators are not running, calls to these services from the Functions emulator will affect production: \u001b[1mauth, firestore, database, hosting, pubsub, storage\u001b[22m"}}
[info] +  functions: Using node@16 from host. {"metadata":{"emulator":{"name":"functions"},"message":"Using node@16 from host."}}
[debug] [2022-12-29T13:36:46.441Z] defaultcredentials: writing to file C:\Users\dsich\AppData\Roaming\firebase\dsichale_gmail_com_application_default_credentials.json
[debug] [2022-12-29T13:36:46.449Z] Setting GAC to C:\Users\dsich\AppData\Roaming\firebase\dsichale_gmail_com_application_default_credentials.json {"metadata":{"emulator":{"name":"functions"},"message":"Setting GAC to C:\\Users\\dsich\\AppData\\Roaming\\firebase\\dsichale_gmail_com_application_default_credentials.json"}}
[debug] [2022-12-29T13:36:46.451Z] > refreshing access token with scopes: []
[debug] [2022-12-29T13:36:46.457Z] >>> [apiv2][query] POST https://www.googleapis.com/oauth2/v3/token [none]
[debug] [2022-12-29T13:36:46.458Z] >>> [apiv2][body] POST https://www.googleapis.com/oauth2/v3/token [omitted]
[debug] [2022-12-29T13:36:48.096Z] <<< [apiv2][status] POST https://www.googleapis.com/oauth2/v3/token 200
[debug] [2022-12-29T13:36:48.096Z] <<< [apiv2][body] POST https://www.googleapis.com/oauth2/v3/token [omitted]
[debug] [2022-12-29T13:36:48.140Z] >>> [apiv2][query] GET https://firebase.googleapis.com/v1beta1/projects/clone-1e0b0/adminSdkConfig [none]
[debug] [2022-12-29T13:36:49.589Z] <<< [apiv2][status] GET https://firebase.googleapis.com/v1beta1/projects/clone-1e0b0/adminSdkConfig 200
[debug] [2022-12-29T13:36:49.589Z] <<< [apiv2][body] GET https://firebase.googleapis.com/v1beta1/projects/clone-1e0b0/adminSdkConfig {"projectId":"clone-1e0b0","storageBucket":"clone-1e0b0.appspot.com","locationId":"us-central"}
[debug] [2022-12-29T13:36:49.639Z] Ignoring unsupported arg: auto_download {"metadata":{"emulator":{"name":"ui"},"message":"Ignoring unsupported arg: auto_download"}}
[debug] [2022-12-29T13:36:49.640Z] Ignoring unsupported arg: port {"metadata":{"emulator":{"name":"ui"},"message":"Ignoring unsupported arg: port"}}
[debug] [2022-12-29T13:36:49.640Z] Starting Emulator UI with command {"binary":"node","args":["C:\\Users\\dsich\\.cache\\firebase\\emulators\\ui-v1.11.1\\server\\server.js"],"optionalArgs":[],"joinArgs":false} {"metadata":{"emulator":{"name":"ui"},"message":"Starting Emulator UI with command {\"binary\":\"node\",\"args\":[\"C:\\\\Users\\\\dsich\\\\.cache\\\\firebase\\\\emulators\\\\ui-v1.11.1\\\\server\\\\server.js\"],\"optionalArgs\":[],\"joinArgs\":false}"}}
[info] i  ui: Emulator UI logging to ui-debug.log {"metadata":{"emulator":{"name":"ui"},"message":"Emulator UI logging to \u001b[1mui-debug.log\u001b[22m"}}
[debug] [2022-12-29T13:36:49.830Z] Web / API server started at 127.0.0.1:4000
 {"metadata":{"emulator":{"name":"ui"},"message":"Web / API server started at 127.0.0.1:4000\n"}}
[debug] [2022-12-29T13:36:49.830Z] Web / API server started at ::1:4000
 {"metadata":{"emulator":{"name":"ui"},"message":"Web / API server started at ::1:4000\n"}}
[info] i  functions: Watching "C:\Users\dsich\Desktop\Evangadi\FinalProjects\Amazon\Final_Amazon\Amazon-Clone\functions" for Cloud Functions... {"metadata":{"emulator":{"name":"functions"},"message":"Watching \"C:\\Users\\dsich\\Desktop\\Evangadi\\FinalProjects\\Amazon\\Final_Amazon\\Amazon-Clone\\functions\" for Cloud Functions..."}}
[debug] [2022-12-29T13:36:49.938Z] Validating nodejs source
[debug] [2022-12-29T13:36:57.547Z] > [functions] package.json contents: {
  "name": "functions",
  "description": "Cloud Functions for Firebase",
  "scripts": {
    "lint": "eslint .",
    "serve": "firebase emulators:start --only functions",
    "shell": "firebase functions:shell",
    "start": "npm run shell",
    "deploy": "firebase deploy --only functions",
    "logs": "firebase functions:log"
  },
  "engines": {
    "node": "16"
  },
  "main": "index.js",
  "dependencies": {
    "cors": "^2.8.5",
    "express": "^4.18.2",
    "firebase-admin": "^10.0.2",
    "firebase-functions": "^4.1.1",
    "stripe": "^11.5.0"
  },
  "devDependencies": {
    "eslint": "^8.9.0",
    "eslint-config-google": "^0.14.0",
    "firebase-functions-test": "^0.2.0"
  },
  "private": true
}
[debug] [2022-12-29T13:36:57.548Z] Building nodejs source
[debug] [2022-12-29T13:36:57.552Z] Could not find functions.yaml. Must use http discovery
[debug] [2022-12-29T13:36:58.415Z] Serving at port 9005

[debug] [2022-12-29T13:36:59.211Z] Got response from /__/functions.yaml {"endpoints":{"api":{"platform":"gcfv1","availableMemoryMb":null,"timeoutSeconds":null,"minInstances":null,"maxInstances":null,"ingressSettings":null,"serviceAccountEmail":null,"vpc":null,"httpsTrigger":{},"entryPoint":"api"}},"specVersion":"v1alpha1","requiredAPIs":[]}
[debug] [2022-12-29T13:36:59.223Z] shutdown requested via /__/quitquitquit

[info] +  functions: Loaded functions definitions from source: api. {"metadata":{"emulator":{"name":"functions"},"message":"Loaded functions definitions from source: api."}}
[info] +  functions[us-central1-api]: http function initialized (http://127.0.0.1:5001/clone-1e0b0/us-central1/api). {"metadata":{"emulator":{"name":"functions"},"message":"\u001b[1mhttp\u001b[22m function initialized (http://127.0.0.1:5001/clone-1e0b0/us-central1/api)."}}
[info] 
┌─────────────────────────────────────────────────────────────┐
│ ✔  All emulators ready! It is now safe to connect your app. │
│ i  View Emulator UI at http://127.0.0.1:4000/               │
└─────────────────────────────────────────────────────────────┘

┌───────────┬────────────────┬─────────────────────────────────┐
│ Emulator  │ Host:Port      │ View in Emulator UI             │
├───────────┼────────────────┼─────────────────────────────────┤
│ Functions │ 127.0.0.1:5001 │ http://127.0.0.1:4000/functions │
└───────────┴────────────────┴─────────────────────────────────┘
  Emulator Hub running at 127.0.0.1:4400
  Other reserved ports: 4500

Issues? Report them at https://github.com/firebase/firebase-tools/issues and attach the *-debug.log files.
 
[debug] [2022-12-29T13:37:31.896Z] [work-queue] {"queuedWork":["/clone-1e0b0/us-central1/api/payments/create-2022-12-29T13:37:31.895Z"],"queueLength":1,"runningWork":[],"workRunningCount":0}
[debug] [2022-12-29T13:37:31.896Z] [work-queue] {"queuedWork":[],"queueLength":0,"runningWork":["/clone-1e0b0/us-central1/api/payments/create-2022-12-29T13:37:31.895Z"],"workRunningCount":1}
[debug] [2022-12-29T13:37:31.896Z] Accepted request OPTIONS /clone-1e0b0/us-central1/api/payments/create?total=29898 --> us-central1-api
[debug] [2022-12-29T13:37:31.900Z] [functions] Runtime ready! Sending request! {"metadata":{"emulator":{"name":"functions"},"message":"[functions] Runtime ready! Sending request!"}}
[debug] [2022-12-29T13:37:31.901Z] [functions] Got req.url=/clone-1e0b0/us-central1/api/payments/create?total=29898, mapping to path=/payments/create?total=29898 {"metadata":{"emulator":{"name":"functions"},"message":"[functions] Got req.url=/clone-1e0b0/us-central1/api/payments/create?total=29898, mapping to path=/payments/create?total=29898"}}
[debug] [2022-12-29T13:37:31.919Z] [worker-pool] addWorker(us-central1-api) {"metadata":{"emulator":{"name":"functions"},"message":"[worker-pool] addWorker(us-central1-api)"}}
[debug] [2022-12-29T13:37:31.919Z] [worker-pool] Adding worker with key us-central1-api, total=1 {"metadata":{"emulator":{"name":"functions"},"message":"[worker-pool] Adding worker with key us-central1-api, total=1"}}
[debug] [2022-12-29T13:37:32.118Z] [work-queue] {"queuedWork":["/clone-1e0b0/us-central1/api/payments/create-2022-12-29T13:37:32.118Z"],"queueLength":1,"runningWork":["/clone-1e0b0/us-central1/api/payments/create-2022-12-29T13:37:31.895Z"],"workRunningCount":1}
[debug] [2022-12-29T13:37:32.118Z] [work-queue] {"queuedWork":[],"queueLength":0,"runningWork":["/clone-1e0b0/us-central1/api/payments/create-2022-12-29T13:37:31.895Z","/clone-1e0b0/us-central1/api/payments/create-2022-12-29T13:37:32.118Z"],"workRunningCount":2}
[debug] [2022-12-29T13:37:32.118Z] Accepted request POST /clone-1e0b0/us-central1/api/payments/create?total=29898 --> us-central1-api
[debug] [2022-12-29T13:37:32.123Z] [functions] Runtime ready! Sending request! {"metadata":{"emulator":{"name":"functions"},"message":"[functions] Runtime ready! Sending request!"}}
[debug] [2022-12-29T13:37:32.124Z] [functions] Got req.url=/clone-1e0b0/us-central1/api/payments/create?total=29898, mapping to path=/payments/create?total=29898 {"metadata":{"emulator":{"name":"functions"},"message":"[functions] Got req.url=/clone-1e0b0/us-central1/api/payments/create?total=29898, mapping to path=/payments/create?total=29898"}}
[debug] [2022-12-29T13:37:32.135Z] [worker-pool] addWorker(us-central1-api) {"metadata":{"emulator":{"name":"functions"},"message":"[worker-pool] addWorker(us-central1-api)"}}
[debug] [2022-12-29T13:37:32.136Z] [worker-pool] Adding worker with key us-central1-api, total=2 {"metadata":{"emulator":{"name":"functions"},"message":"[worker-pool] Adding worker with key us-central1-api, total=2"}}
[debug] [2022-12-29T13:37:33.310Z] [runtime-status] [39812] Resolved module firebase-admin {"declared":true,"installed":true,"version":"10.3.0","resolution":"C:\\Users\\dsich\\Desktop\\Evangadi\\FinalProjects\\Amazon\\Final_Amazon\\Amazon-Clone\\functions\\node_modules\\firebase-admin\\lib\\index.js"} {"metadata":{"emulator":{"name":"functions"},"function":{"name":"us-central1-api"},"extension":{},"message":"[runtime-status] [39812] Resolved module firebase-admin {\"declared\":true,\"installed\":true,\"version\":\"10.3.0\",\"resolution\":\"C:\\\\Users\\\\dsich\\\\Desktop\\\\Evangadi\\\\FinalProjects\\\\Amazon\\\\Final_Amazon\\\\Amazon-Clone\\\\functions\\\\node_modules\\\\firebase-admin\\\\lib\\\\index.js\"}"}}
[debug] [2022-12-29T13:37:33.311Z] [runtime-status] [39812] Resolved module firebase-functions {"declared":true,"installed":true,"version":"4.1.1","resolution":"C:\\Users\\dsich\\Desktop\\Evangadi\\FinalProjects\\Amazon\\Final_Amazon\\Amazon-Clone\\functions\\node_modules\\firebase-functions\\lib\\v1\\index.js"} {"metadata":{"emulator":{"name":"functions"},"function":{"name":"us-central1-api"},"extension":{},"message":"[runtime-status] [39812] Resolved module firebase-functions {\"declared\":true,\"installed\":true,\"version\":\"4.1.1\",\"resolution\":\"C:\\\\Users\\\\dsich\\\\Desktop\\\\Evangadi\\\\FinalProjects\\\\Amazon\\\\Final_Amazon\\\\Amazon-Clone\\\\functions\\\\node_modules\\\\firebase-functions\\\\lib\\\\v1\\\\index.js\"}"}}
[debug] [2022-12-29T13:37:33.312Z] [runtime-status] [39812] Outgoing network have been stubbed. [{"name":"http","status":"mocked"},{"name":"http","status":"mocked"},{"name":"https","status":"mocked"},{"name":"https","status":"mocked"},{"name":"net","status":"mocked"}] {"metadata":{"emulator":{"name":"functions"},"function":{"name":"us-central1-api"},"extension":{},"message":"[runtime-status] [39812] Outgoing network have been stubbed. [{\"name\":\"http\",\"status\":\"mocked\"},{\"name\":\"http\",\"status\":\"mocked\"},{\"name\":\"https\",\"status\":\"mocked\"},{\"name\":\"https\",\"status\":\"mocked\"},{\"name\":\"net\",\"status\":\"mocked\"}]"}}
[debug] [2022-12-29T13:37:33.313Z] [runtime-status] [39812] Resolved module firebase-functions {"declared":true,"installed":true,"version":"4.1.1","resolution":"C:\\Users\\dsich\\Desktop\\Evangadi\\FinalProjects\\Amazon\\Final_Amazon\\Amazon-Clone\\functions\\node_modules\\firebase-functions\\lib\\v1\\index.js"} {"metadata":{"emulator":{"name":"functions"},"function":{"name":"us-central1-api"},"extension":{},"message":"[runtime-status] [39812] Resolved module firebase-functions {\"declared\":true,\"installed\":true,\"version\":\"4.1.1\",\"resolution\":\"C:\\\\Users\\\\dsich\\\\Desktop\\\\Evangadi\\\\FinalProjects\\\\Amazon\\\\Final_Amazon\\\\Amazon-Clone\\\\functions\\\\node_modules\\\\firebase-functions\\\\lib\\\\v1\\\\index.js\"}"}}
[debug] [2022-12-29T13:37:33.482Z] [runtime-status] [34904] Resolved module firebase-admin {"declared":true,"installed":true,"version":"10.3.0","resolution":"C:\\Users\\dsich\\Desktop\\Evangadi\\FinalProjects\\Amazon\\Final_Amazon\\Amazon-Clone\\functions\\node_modules\\firebase-admin\\lib\\index.js"} {"metadata":{"emulator":{"name":"functions"},"function":{"name":"us-central1-api"},"extension":{},"message":"[runtime-status] [34904] Resolved module firebase-admin {\"declared\":true,\"installed\":true,\"version\":\"10.3.0\",\"resolution\":\"C:\\\\Users\\\\dsich\\\\Desktop\\\\Evangadi\\\\FinalProjects\\\\Amazon\\\\Final_Amazon\\\\Amazon-Clone\\\\functions\\\\node_modules\\\\firebase-admin\\\\lib\\\\index.js\"}"}}
[debug] [2022-12-29T13:37:33.487Z] [runtime-status] [34904] Resolved module firebase-functions {"declared":true,"installed":true,"version":"4.1.1","resolution":"C:\\Users\\dsich\\Desktop\\Evangadi\\FinalProjects\\Amazon\\Final_Amazon\\Amazon-Clone\\functions\\node_modules\\firebase-functions\\lib\\v1\\index.js"} {"metadata":{"emulator":{"name":"functions"},"function":{"name":"us-central1-api"},"extension":{},"message":"[runtime-status] [34904] Resolved module firebase-functions {\"declared\":true,\"installed\":true,\"version\":\"4.1.1\",\"resolution\":\"C:\\\\Users\\\\dsich\\\\Desktop\\\\Evangadi\\\\FinalProjects\\\\Amazon\\\\Final_Amazon\\\\Amazon-Clone\\\\functions\\\\node_modules\\\\firebase-functions\\\\lib\\\\v1\\\\index.js\"}"}}
[debug] [2022-12-29T13:37:33.488Z] [runtime-status] [34904] Outgoing network have been stubbed. [{"name":"http","status":"mocked"},{"name":"http","status":"mocked"},{"name":"https","status":"mocked"},{"name":"https","status":"mocked"},{"name":"net","status":"mocked"}] {"metadata":{"emulator":{"name":"functions"},"function":{"name":"us-central1-api"},"extension":{},"message":"[runtime-status] [34904] Outgoing network have been stubbed. [{\"name\":\"http\",\"status\":\"mocked\"},{\"name\":\"http\",\"status\":\"mocked\"},{\"name\":\"https\",\"status\":\"mocked\"},{\"name\":\"https\",\"status\":\"mocked\"},{\"name\":\"net\",\"status\":\"mocked\"}]"}}
[debug] [2022-12-29T13:37:33.488Z] [runtime-status] [34904] Resolved module firebase-functions {"declared":true,"installed":true,"version":"4.1.1","resolution":"C:\\Users\\dsich\\Desktop\\Evangadi\\FinalProjects\\Amazon\\Final_Amazon\\Amazon-Clone\\functions\\node_modules\\firebase-functions\\lib\\v1\\index.js"} {"metadata":{"emulator":{"name":"functions"},"function":{"name":"us-central1-api"},"extension":{},"message":"[runtime-status] [34904] Resolved module firebase-functions {\"declared\":true,\"installed\":true,\"version\":\"4.1.1\",\"resolution\":\"C:\\\\Users\\\\dsich\\\\Desktop\\\\Evangadi\\\\FinalProjects\\\\Amazon\\\\Final_Amazon\\\\Amazon-Clone\\\\functions\\\\node_modules\\\\firebase-functions\\\\lib\\\\v1\\\\index.js\"}"}}
[debug] [2022-12-29T13:37:33.576Z] [runtime-status] [39812] Checked functions.config() {"config":{}} {"metadata":{"emulator":{"name":"functions"},"function":{"name":"us-central1-api"},"extension":{},"message":"[runtime-status] [39812] Checked functions.config() {\"config\":{}}"}}
[debug] [2022-12-29T13:37:33.577Z] [runtime-status] [39812] firebase-functions has been stubbed. {"functionsResolution":{"declared":true,"installed":true,"version":"4.1.1","resolution":"C:\\Users\\dsich\\Desktop\\Evangadi\\FinalProjects\\Amazon\\Final_Amazon\\Amazon-Clone\\functions\\node_modules\\firebase-functions\\lib\\v1\\index.js"}} {"metadata":{"emulator":{"name":"functions"},"function":{"name":"us-central1-api"},"extension":{},"message":"[runtime-status] [39812] firebase-functions has been stubbed. {\"functionsResolution\":{\"declared\":true,\"installed\":true,\"version\":\"4.1.1\",\"resolution\":\"C:\\\\Users\\\\dsich\\\\Desktop\\\\Evangadi\\\\FinalProjects\\\\Amazon\\\\Final_Amazon\\\\Amazon-Clone\\\\functions\\\\node_modules\\\\firebase-functions\\\\lib\\\\v1\\\\index.js\"}}"}}
[debug] [2022-12-29T13:37:33.577Z] [runtime-status] [39812] Resolved module firebase-functions {"declared":true,"installed":true,"version":"4.1.1","resolution":"C:\\Users\\dsich\\Desktop\\Evangadi\\FinalProjects\\Amazon\\Final_Amazon\\Amazon-Clone\\functions\\node_modules\\firebase-functions\\lib\\v1\\index.js"} {"metadata":{"emulator":{"name":"functions"},"function":{"name":"us-central1-api"},"extension":{},"message":"[runtime-status] [39812] Resolved module firebase-functions {\"declared\":true,\"installed\":true,\"version\":\"4.1.1\",\"resolution\":\"C:\\\\Users\\\\dsich\\\\Desktop\\\\Evangadi\\\\FinalProjects\\\\Amazon\\\\Final_Amazon\\\\Amazon-Clone\\\\functions\\\\node_modules\\\\firebase-functions\\\\lib\\\\v1\\\\index.js\"}"}}
[debug] [2022-12-29T13:37:33.578Z] [runtime-status] [39812] Resolved module firebase-admin {"declared":true,"installed":true,"version":"10.3.0","resolution":"C:\\Users\\dsich\\Desktop\\Evangadi\\FinalProjects\\Amazon\\Final_Amazon\\Amazon-Clone\\functions\\node_modules\\firebase-admin\\lib\\index.js"} {"metadata":{"emulator":{"name":"functions"},"function":{"name":"us-central1-api"},"extension":{},"message":"[runtime-status] [39812] Resolved module firebase-admin {\"declared\":true,\"installed\":true,\"version\":\"10.3.0\",\"resolution\":\"C:\\\\Users\\\\dsich\\\\Desktop\\\\Evangadi\\\\FinalProjects\\\\Amazon\\\\Final_Amazon\\\\Amazon-Clone\\\\functions\\\\node_modules\\\\firebase-admin\\\\lib\\\\index.js\"}"}}
[debug] [2022-12-29T13:37:33.582Z] [runtime-status] [39812] Resolved module firebase-functions {"declared":true,"installed":true,"version":"4.1.1","resolution":"C:\\Users\\dsich\\Desktop\\Evangadi\\FinalProjects\\Amazon\\Final_Amazon\\Amazon-Clone\\functions\\node_modules\\firebase-functions\\lib\\v1\\index.js"} {"metadata":{"emulator":{"name":"functions"},"function":{"name":"us-central1-api"},"extension":{},"message":"[runtime-status] [39812] Resolved module firebase-functions {\"declared\":true,\"installed\":true,\"version\":\"4.1.1\",\"resolution\":\"C:\\\\Users\\\\dsich\\\\Desktop\\\\Evangadi\\\\FinalProjects\\\\Amazon\\\\Final_Amazon\\\\Amazon-Clone\\\\functions\\\\node_modules\\\\firebase-functions\\\\lib\\\\v1\\\\index.js\"}"}}
[debug] [2022-12-29T13:37:33.582Z] [runtime-status] [39812] firebase-admin has been stubbed. {"adminResolution":{"declared":true,"installed":true,"version":"10.3.0","resolution":"C:\\Users\\dsich\\Desktop\\Evangadi\\FinalProjects\\Amazon\\Final_Amazon\\Amazon-Clone\\functions\\node_modules\\firebase-admin\\lib\\index.js"}} {"metadata":{"emulator":{"name":"functions"},"function":{"name":"us-central1-api"},"extension":{},"message":"[runtime-status] [39812] firebase-admin has been stubbed. {\"adminResolution\":{\"declared\":true,\"installed\":true,\"version\":\"10.3.0\",\"resolution\":\"C:\\\\Users\\\\dsich\\\\Desktop\\\\Evangadi\\\\FinalProjects\\\\Amazon\\\\Final_Amazon\\\\Amazon-Clone\\\\functions\\\\node_modules\\\\firebase-admin\\\\lib\\\\index.js\"}}"}}
[debug] [2022-12-29T13:37:33.717Z] [runtime-status] [34904] Checked functions.config() {"config":{}} {"metadata":{"emulator":{"name":"functions"},"function":{"name":"us-central1-api"},"extension":{},"message":"[runtime-status] [34904] Checked functions.config() {\"config\":{}}"}}
[debug] [2022-12-29T13:37:33.717Z] [runtime-status] [34904] firebase-functions has been stubbed. {"functionsResolution":{"declared":true,"installed":true,"version":"4.1.1","resolution":"C:\\Users\\dsich\\Desktop\\Evangadi\\FinalProjects\\Amazon\\Final_Amazon\\Amazon-Clone\\functions\\node_modules\\firebase-functions\\lib\\v1\\index.js"}} {"metadata":{"emulator":{"name":"functions"},"function":{"name":"us-central1-api"},"extension":{},"message":"[runtime-status] [34904] firebase-functions has been stubbed. {\"functionsResolution\":{\"declared\":true,\"installed\":true,\"version\":\"4.1.1\",\"resolution\":\"C:\\\\Users\\\\dsich\\\\Desktop\\\\Evangadi\\\\FinalProjects\\\\Amazon\\\\Final_Amazon\\\\Amazon-Clone\\\\functions\\\\node_modules\\\\firebase-functions\\\\lib\\\\v1\\\\index.js\"}}"}}
[debug] [2022-12-29T13:37:33.718Z] [runtime-status] [34904] Resolved module firebase-functions {"declared":true,"installed":true,"version":"4.1.1","resolution":"C:\\Users\\dsich\\Desktop\\Evangadi\\FinalProjects\\Amazon\\Final_Amazon\\Amazon-Clone\\functions\\node_modules\\firebase-functions\\lib\\v1\\index.js"} {"metadata":{"emulator":{"name":"functions"},"function":{"name":"us-central1-api"},"extension":{},"message":"[runtime-status] [34904] Resolved module firebase-functions {\"declared\":true,\"installed\":true,\"version\":\"4.1.1\",\"resolution\":\"C:\\\\Users\\\\dsich\\\\Desktop\\\\Evangadi\\\\FinalProjects\\\\Amazon\\\\Final_Amazon\\\\Amazon-Clone\\\\functions\\\\node_modules\\\\firebase-functions\\\\lib\\\\v1\\\\index.js\"}"}}
[debug] [2022-12-29T13:37:33.719Z] [runtime-status] [34904] Resolved module firebase-admin {"declared":true,"installed":true,"version":"10.3.0","resolution":"C:\\Users\\dsich\\Desktop\\Evangadi\\FinalProjects\\Amazon\\Final_Amazon\\Amazon-Clone\\functions\\node_modules\\firebase-admin\\lib\\index.js"} {"metadata":{"emulator":{"name":"functions"},"function":{"name":"us-central1-api"},"extension":{},"message":"[runtime-status] [34904] Resolved module firebase-admin {\"declared\":true,\"installed\":true,\"version\":\"10.3.0\",\"resolution\":\"C:\\\\Users\\\\dsich\\\\Desktop\\\\Evangadi\\\\FinalProjects\\\\Amazon\\\\Final_Amazon\\\\Amazon-Clone\\\\functions\\\\node_modules\\\\firebase-admin\\\\lib\\\\index.js\"}"}}
[debug] [2022-12-29T13:37:33.722Z] [runtime-status] [34904] Resolved module firebase-functions {"declared":true,"installed":true,"version":"4.1.1","resolution":"C:\\Users\\dsich\\Desktop\\Evangadi\\FinalProjects\\Amazon\\Final_Amazon\\Amazon-Clone\\functions\\node_modules\\firebase-functions\\lib\\v1\\index.js"} {"metadata":{"emulator":{"name":"functions"},"function":{"name":"us-central1-api"},"extension":{},"message":"[runtime-status] [34904] Resolved module firebase-functions {\"declared\":true,\"installed\":true,\"version\":\"4.1.1\",\"resolution\":\"C:\\\\Users\\\\dsich\\\\Desktop\\\\Evangadi\\\\FinalProjects\\\\Amazon\\\\Final_Amazon\\\\Amazon-Clone\\\\functions\\\\node_modules\\\\firebase-functions\\\\lib\\\\v1\\\\index.js\"}"}}
[debug] [2022-12-29T13:37:33.722Z] [runtime-status] [34904] firebase-admin has been stubbed. {"adminResolution":{"declared":true,"installed":true,"version":"10.3.0","resolution":"C:\\Users\\dsich\\Desktop\\Evangadi\\FinalProjects\\Amazon\\Final_Amazon\\Amazon-Clone\\functions\\node_modules\\firebase-admin\\lib\\index.js"}} {"metadata":{"emulator":{"name":"functions"},"function":{"name":"us-central1-api"},"extension":{},"message":"[runtime-status] [34904] firebase-admin has been stubbed. {\"adminResolution\":{\"declared\":true,\"installed\":true,\"version\":\"10.3.0\",\"resolution\":\"C:\\\\Users\\\\dsich\\\\Desktop\\\\Evangadi\\\\FinalProjects\\\\Amazon\\\\Final_Amazon\\\\Amazon-Clone\\\\functions\\\\node_modules\\\\firebase-admin\\\\lib\\\\index.js\"}}"}}
[debug] [2022-12-29T13:37:33.763Z] [runtime-status] [39812] Functions runtime initialized. {"cwd":"C:\\Users\\dsich\\Desktop\\Evangadi\\FinalProjects\\Amazon\\Final_Amazon\\Amazon-Clone\\functions","node_version":"16.18.0"} {"metadata":{"emulator":{"name":"functions"},"function":{"name":"us-central1-api"},"extension":{},"message":"[runtime-status] [39812] Functions runtime initialized. {\"cwd\":\"C:\\\\Users\\\\dsich\\\\Desktop\\\\Evangadi\\\\FinalProjects\\\\Amazon\\\\Final_Amazon\\\\Amazon-Clone\\\\functions\",\"node_version\":\"16.18.0\"}"}}
[debug] [2022-12-29T13:37:33.764Z] [runtime-status] [39812] Listening to port: \\?\pipe\fire_emu_2c3fc338cd103ae9 {"metadata":{"emulator":{"name":"functions"},"function":{"name":"us-central1-api"},"extension":{},"message":"[runtime-status] [39812] Listening to port: \\\\?\\pipe\\fire_emu_2c3fc338cd103ae9"}}
[debug] [2022-12-29T13:37:33.801Z] [worker-us-central1-api-5442aeee-6562-4290-8869-1bd016d3a764]: IDLE {"metadata":{"emulator":{"name":"functions"},"message":"[worker-us-central1-api-5442aeee-6562-4290-8869-1bd016d3a764]: IDLE"}}
[debug] [2022-12-29T13:37:33.802Z] [worker-pool] submitRequest(triggerId=us-central1-api) {"metadata":{"emulator":{"name":"functions"},"message":"[worker-pool] submitRequest(triggerId=us-central1-api)"}}
[debug] [2022-12-29T13:37:33.802Z] [worker-us-central1-api-5442aeee-6562-4290-8869-1bd016d3a764]: BUSY {"metadata":{"emulator":{"name":"functions"},"message":"[worker-us-central1-api-5442aeee-6562-4290-8869-1bd016d3a764]: BUSY"}}
[info] i  functions: Beginning execution of "api" {"metadata":{"emulator":{"name":"functions"},"function":{"name":"us-central1-api"},"extension":{},"message":"Beginning execution of \"api\""}}
[info] i  functions: Finished "api" in 1.5634ms {"metadata":{"emulator":{"name":"functions"},"function":{"name":"us-central1-api"},"extension":{},"message":"Finished \"api\" in 1.5634ms"}}
[debug] [2022-12-29T13:37:33.933Z] [runtime-status] [34904] Functions runtime initialized. {"cwd":"C:\\Users\\dsich\\Desktop\\Evangadi\\FinalProjects\\Amazon\\Final_Amazon\\Amazon-Clone\\functions","node_version":"16.18.0"} {"metadata":{"emulator":{"name":"functions"},"function":{"name":"us-central1-api"},"extension":{},"message":"[runtime-status] [34904] Functions runtime initialized. {\"cwd\":\"C:\\\\Users\\\\dsich\\\\Desktop\\\\Evangadi\\\\FinalProjects\\\\Amazon\\\\Final_Amazon\\\\Amazon-Clone\\\\functions\",\"node_version\":\"16.18.0\"}"}}
[debug] [2022-12-29T13:37:33.934Z] [runtime-status] [34904] Listening to port: \\?\pipe\fire_emu_ecd5300e1238b4f8 {"metadata":{"emulator":{"name":"functions"},"function":{"name":"us-central1-api"},"extension":{},"message":"[runtime-status] [34904] Listening to port: \\\\?\\pipe\\fire_emu_ecd5300e1238b4f8"}}
[debug] [2022-12-29T13:37:34.034Z] [worker-us-central1-api-29a96dcb-1d58-4d4a-977f-4bd7c1133aaa]: IDLE {"metadata":{"emulator":{"name":"functions"},"message":"[worker-us-central1-api-29a96dcb-1d58-4d4a-977f-4bd7c1133aaa]: IDLE"}}
[debug] [2022-12-29T13:37:34.035Z] [worker-pool] submitRequest(triggerId=us-central1-api) {"metadata":{"emulator":{"name":"functions"},"message":"[worker-pool] submitRequest(triggerId=us-central1-api)"}}
[debug] [2022-12-29T13:37:34.035Z] [worker-us-central1-api-29a96dcb-1d58-4d4a-977f-4bd7c1133aaa]: BUSY {"metadata":{"emulator":{"name":"functions"},"message":"[worker-us-central1-api-29a96dcb-1d58-4d4a-977f-4bd7c1133aaa]: BUSY"}}
[info] i  functions: Beginning execution of "api" {"metadata":{"emulator":{"name":"functions"},"function":{"name":"us-central1-api"},"extension":{},"message":"Beginning execution of \"api\""}}
[info] >  Payment Request Recieved BOOM!!! for this amount >>>  29898 {"user":"Payment Request Recieved BOOM!!! for this amount >>>  29898","metadata":{"emulator":{"name":"functions"},"function":{"name":"us-central1-api"},"extension":{},"message":"\u001b[90m> \u001b[39m Payment Request Recieved BOOM!!! for this amount >>>  29898"}}
[debug] [2022-12-29T13:37:34.922Z] [worker-us-central1-api-29a96dcb-1d58-4d4a-977f-4bd7c1133aaa]: IDLE {"metadata":{"emulator":{"name":"functions"},"message":"[worker-us-central1-api-29a96dcb-1d58-4d4a-977f-4bd7c1133aaa]: IDLE"}}
[debug] [2022-12-29T13:37:34.923Z] [work-queue] {"queuedWork":[],"queueLength":0,"runningWork":["/clone-1e0b0/us-central1/api/payments/create-2022-12-29T13:37:31.895Z"],"workRunningCount":1}
[info] i  functions: Finished "api" in 878.7516ms {"metadata":{"emulator":{"name":"functions"},"function":{"name":"us-central1-api"},"extension":{},"message":"Finished \"api\" in 878.7516ms"}}
[debug] [2022-12-29T13:40:26.492Z] File C:\Users\dsich\Desktop\Evangadi\FinalProjects\Amazon\Final_Amazon\Amazon-Clone\functions\emulator.txt changed, reloading triggers {"metadata":{"emulator":{"name":"functions"},"message":"File C:\\Users\\dsich\\Desktop\\Evangadi\\FinalProjects\\Amazon\\Final_Amazon\\Amazon-Clone\\functions\\emulator.txt changed, reloading triggers"}}
[debug] [2022-12-29T13:40:27.503Z] Validating nodejs source
[debug] [2022-12-29T13:40:28.919Z] > [functions] package.json contents: {
  "name": "functions",
  "description": "Cloud Functions for Firebase",
  "scripts": {
    "lint": "eslint .",
    "serve": "firebase emulators:start --only functions",
    "shell": "firebase functions:shell",
    "start": "npm run shell",
    "deploy": "firebase deploy --only functions",
    "logs": "firebase functions:log"
  },
  "engines": {
    "node": "16"
  },
  "main": "index.js",
  "dependencies": {
    "cors": "^2.8.5",
    "express": "^4.18.2",
    "firebase-admin": "^10.0.2",
    "firebase-functions": "^4.1.1",
    "stripe": "^11.5.0"
  },
  "devDependencies": {
    "eslint": "^8.9.0",
    "eslint-config-google": "^0.14.0",
    "firebase-functions-test": "^0.2.0"
  },
  "private": true
}
[debug] [2022-12-29T13:40:28.919Z] Building nodejs source
[debug] [2022-12-29T13:40:28.920Z] Could not find functions.yaml. Must use http discovery
[debug] [2022-12-29T13:40:29.181Z] Serving at port 9005

[debug] [2022-12-29T13:40:29.527Z] Got response from /__/functions.yaml {"endpoints":{"api":{"platform":"gcfv1","availableMemoryMb":null,"timeoutSeconds":null,"minInstances":null,"maxInstances":null,"ingressSettings":null,"serviceAccountEmail":null,"vpc":null,"httpsTrigger":{},"entryPoint":"api"}},"specVersion":"v1alpha1","requiredAPIs":[]}
[debug] [2022-12-29T13:40:29.532Z] shutdown requested via /__/quitquitquit

[info] +  functions: Loaded functions definitions from source: api. {"metadata":{"emulator":{"name":"functions"},"message":"Loaded functions definitions from source: api."}}
[debug] [2022-12-29T13:40:29.550Z] [worker-pool] Marking BUSY worker to finish (us-central1-api) {"metadata":{"emulator":{"name":"functions"},"message":"[worker-pool] Marking BUSY worker to finish (us-central1-api)"}}
[debug] [2022-12-29T13:40:29.550Z] [worker-us-central1-api-5442aeee-6562-4290-8869-1bd016d3a764]: FINISHING {"metadata":{"emulator":{"name":"functions"},"message":"[worker-us-central1-api-5442aeee-6562-4290-8869-1bd016d3a764]: FINISHING"}}
[debug] [2022-12-29T13:40:29.550Z] [worker-pool] Shutting down IDLE worker (us-central1-api) {"metadata":{"emulator":{"name":"functions"},"message":"[worker-pool] Shutting down IDLE worker (us-central1-api)"}}
[debug] [2022-12-29T13:40:29.550Z] [worker-us-central1-api-29a96dcb-1d58-4d4a-977f-4bd7c1133aaa]: FINISHING {"metadata":{"emulator":{"name":"functions"},"message":"[worker-us-central1-api-29a96dcb-1d58-4d4a-977f-4bd7c1133aaa]: FINISHING"}}
[debug] [2022-12-29T13:40:29.562Z] [worker-us-central1-api-29a96dcb-1d58-4d4a-977f-4bd7c1133aaa]: exited {"metadata":{"emulator":{"name":"functions"},"message":"[worker-us-central1-api-29a96dcb-1d58-4d4a-977f-4bd7c1133aaa]: exited"}}
[debug] [2022-12-29T13:40:29.562Z] [worker-us-central1-api-29a96dcb-1d58-4d4a-977f-4bd7c1133aaa]: FINISHED {"metadata":{"emulator":{"name":"functions"},"message":"[worker-us-central1-api-29a96dcb-1d58-4d4a-977f-4bd7c1133aaa]: FINISHED"}}
[debug] [2022-12-29T13:40:51.961Z] [work-queue] {"queuedWork":["/clone-1e0b0/us-central1/api/payments/create-2022-12-29T13:40:51.961Z"],"queueLength":1,"runningWork":["/clone-1e0b0/us-central1/api/payments/create-2022-12-29T13:37:31.895Z"],"workRunningCount":1}
[debug] [2022-12-29T13:40:51.962Z] [work-queue] {"queuedWork":[],"queueLength":0,"runningWork":["/clone-1e0b0/us-central1/api/payments/create-2022-12-29T13:37:31.895Z","/clone-1e0b0/us-central1/api/payments/create-2022-12-29T13:40:51.961Z"],"workRunningCount":2}
[debug] [2022-12-29T13:40:51.962Z] Accepted request OPTIONS /clone-1e0b0/us-central1/api/payments/create?total=23900 --> us-central1-api
[debug] [2022-12-29T13:40:51.965Z] [functions] Runtime ready! Sending request! {"metadata":{"emulator":{"name":"functions"},"message":"[functions] Runtime ready! Sending request!"}}
[debug] [2022-12-29T13:40:51.966Z] [functions] Got req.url=/clone-1e0b0/us-central1/api/payments/create?total=23900, mapping to path=/payments/create?total=23900 {"metadata":{"emulator":{"name":"functions"},"message":"[functions] Got req.url=/clone-1e0b0/us-central1/api/payments/create?total=23900, mapping to path=/payments/create?total=23900"}}
[debug] [2022-12-29T13:40:51.966Z] [worker-pool] Cleaned up workers for us-central1-api: 2 --> 1 {"metadata":{"emulator":{"name":"functions"},"message":"[worker-pool] Cleaned up workers for us-central1-api: 2 --> 1"}}
[debug] [2022-12-29T13:40:51.980Z] [worker-pool] addWorker(us-central1-api) {"metadata":{"emulator":{"name":"functions"},"message":"[worker-pool] addWorker(us-central1-api)"}}
[debug] [2022-12-29T13:40:51.981Z] [worker-pool] Adding worker with key us-central1-api, total=2 {"metadata":{"emulator":{"name":"functions"},"message":"[worker-pool] Adding worker with key us-central1-api, total=2"}}
[debug] [2022-12-29T13:40:52.195Z] [work-queue] {"queuedWork":["/clone-1e0b0/us-central1/api/payments/create-2022-12-29T13:40:52.195Z"],"queueLength":1,"runningWork":["/clone-1e0b0/us-central1/api/payments/create-2022-12-29T13:37:31.895Z","/clone-1e0b0/us-central1/api/payments/create-2022-12-29T13:40:51.961Z"],"workRunningCount":2}
[debug] [2022-12-29T13:40:52.196Z] [work-queue] {"queuedWork":[],"queueLength":0,"runningWork":["/clone-1e0b0/us-central1/api/payments/create-2022-12-29T13:37:31.895Z","/clone-1e0b0/us-central1/api/payments/create-2022-12-29T13:40:51.961Z","/clone-1e0b0/us-central1/api/payments/create-2022-12-29T13:40:52.195Z"],"workRunningCount":3}
[debug] [2022-12-29T13:40:52.196Z] Accepted request POST /clone-1e0b0/us-central1/api/payments/create?total=23900 --> us-central1-api
[debug] [2022-12-29T13:40:52.200Z] [functions] Runtime ready! Sending request! {"metadata":{"emulator":{"name":"functions"},"message":"[functions] Runtime ready! Sending request!"}}
[debug] [2022-12-29T13:40:52.200Z] [functions] Got req.url=/clone-1e0b0/us-central1/api/payments/create?total=23900, mapping to path=/payments/create?total=23900 {"metadata":{"emulator":{"name":"functions"},"message":"[functions] Got req.url=/clone-1e0b0/us-central1/api/payments/create?total=23900, mapping to path=/payments/create?total=23900"}}
[debug] [2022-12-29T13:40:52.215Z] [worker-pool] addWorker(us-central1-api) {"metadata":{"emulator":{"name":"functions"},"message":"[worker-pool] addWorker(us-central1-api)"}}
[debug] [2022-12-29T13:40:52.215Z] [worker-pool] Adding worker with key us-central1-api, total=3 {"metadata":{"emulator":{"name":"functions"},"message":"[worker-pool] Adding worker with key us-central1-api, total=3"}}
[debug] [2022-12-29T13:40:53.392Z] [runtime-status] [23712] Resolved module firebase-admin {"declared":true,"installed":true,"version":"10.3.0","resolution":"C:\\Users\\dsich\\Desktop\\Evangadi\\FinalProjects\\Amazon\\Final_Amazon\\Amazon-Clone\\functions\\node_modules\\firebase-admin\\lib\\index.js"} {"metadata":{"emulator":{"name":"functions"},"function":{"name":"us-central1-api"},"extension":{},"message":"[runtime-status] [23712] Resolved module firebase-admin {\"declared\":true,\"installed\":true,\"version\":\"10.3.0\",\"resolution\":\"C:\\\\Users\\\\dsich\\\\Desktop\\\\Evangadi\\\\FinalProjects\\\\Amazon\\\\Final_Amazon\\\\Amazon-Clone\\\\functions\\\\node_modules\\\\firebase-admin\\\\lib\\\\index.js\"}"}}
[debug] [2022-12-29T13:40:53.394Z] [runtime-status] [23712] Resolved module firebase-functions {"declared":true,"installed":true,"version":"4.1.1","resolution":"C:\\Users\\dsich\\Desktop\\Evangadi\\FinalProjects\\Amazon\\Final_Amazon\\Amazon-Clone\\functions\\node_modules\\firebase-functions\\lib\\v1\\index.js"} {"metadata":{"emulator":{"name":"functions"},"function":{"name":"us-central1-api"},"extension":{},"message":"[runtime-status] [23712] Resolved module firebase-functions {\"declared\":true,\"installed\":true,\"version\":\"4.1.1\",\"resolution\":\"C:\\\\Users\\\\dsich\\\\Desktop\\\\Evangadi\\\\FinalProjects\\\\Amazon\\\\Final_Amazon\\\\Amazon-Clone\\\\functions\\\\node_modules\\\\firebase-functions\\\\lib\\\\v1\\\\index.js\"}"}}
[debug] [2022-12-29T13:40:53.395Z] [runtime-status] [23712] Outgoing network have been stubbed. [{"name":"http","status":"mocked"},{"name":"http","status":"mocked"},{"name":"https","status":"mocked"},{"name":"https","status":"mocked"},{"name":"net","status":"mocked"}] {"metadata":{"emulator":{"name":"functions"},"function":{"name":"us-central1-api"},"extension":{},"message":"[runtime-status] [23712] Outgoing network have been stubbed. [{\"name\":\"http\",\"status\":\"mocked\"},{\"name\":\"http\",\"status\":\"mocked\"},{\"name\":\"https\",\"status\":\"mocked\"},{\"name\":\"https\",\"status\":\"mocked\"},{\"name\":\"net\",\"status\":\"mocked\"}]"}}
[debug] [2022-12-29T13:40:53.395Z] [runtime-status] [23712] Resolved module firebase-functions {"declared":true,"installed":true,"version":"4.1.1","resolution":"C:\\Users\\dsich\\Desktop\\Evangadi\\FinalProjects\\Amazon\\Final_Amazon\\Amazon-Clone\\functions\\node_modules\\firebase-functions\\lib\\v1\\index.js"} {"metadata":{"emulator":{"name":"functions"},"function":{"name":"us-central1-api"},"extension":{},"message":"[runtime-status] [23712] Resolved module firebase-functions {\"declared\":true,\"installed\":true,\"version\":\"4.1.1\",\"resolution\":\"C:\\\\Users\\\\dsich\\\\Desktop\\\\Evangadi\\\\FinalProjects\\\\Amazon\\\\Final_Amazon\\\\Amazon-Clone\\\\functions\\\\node_modules\\\\firebase-functions\\\\lib\\\\v1\\\\index.js\"}"}}
[debug] [2022-12-29T13:40:53.553Z] [runtime-status] [28016] Resolved module firebase-admin {"declared":true,"installed":true,"version":"10.3.0","resolution":"C:\\Users\\dsich\\Desktop\\Evangadi\\FinalProjects\\Amazon\\Final_Amazon\\Amazon-Clone\\functions\\node_modules\\firebase-admin\\lib\\index.js"} {"metadata":{"emulator":{"name":"functions"},"function":{"name":"us-central1-api"},"extension":{},"message":"[runtime-status] [28016] Resolved module firebase-admin {\"declared\":true,\"installed\":true,\"version\":\"10.3.0\",\"resolution\":\"C:\\\\Users\\\\dsich\\\\Desktop\\\\Evangadi\\\\FinalProjects\\\\Amazon\\\\Final_Amazon\\\\Amazon-Clone\\\\functions\\\\node_modules\\\\firebase-admin\\\\lib\\\\index.js\"}"}}
[debug] [2022-12-29T13:40:53.555Z] [runtime-status] [28016] Resolved module firebase-functions {"declared":true,"installed":true,"version":"4.1.1","resolution":"C:\\Users\\dsich\\Desktop\\Evangadi\\FinalProjects\\Amazon\\Final_Amazon\\Amazon-Clone\\functions\\node_modules\\firebase-functions\\lib\\v1\\index.js"} {"metadata":{"emulator":{"name":"functions"},"function":{"name":"us-central1-api"},"extension":{},"message":"[runtime-status] [28016] Resolved module firebase-functions {\"declared\":true,\"installed\":true,\"version\":\"4.1.1\",\"resolution\":\"C:\\\\Users\\\\dsich\\\\Desktop\\\\Evangadi\\\\FinalProjects\\\\Amazon\\\\Final_Amazon\\\\Amazon-Clone\\\\functions\\\\node_modules\\\\firebase-functions\\\\lib\\\\v1\\\\index.js\"}"}}
[debug] [2022-12-29T13:40:53.555Z] [runtime-status] [28016] Outgoing network have been stubbed. [{"name":"http","status":"mocked"},{"name":"http","status":"mocked"},{"name":"https","status":"mocked"},{"name":"https","status":"mocked"},{"name":"net","status":"mocked"}] {"metadata":{"emulator":{"name":"functions"},"function":{"name":"us-central1-api"},"extension":{},"message":"[runtime-status] [28016] Outgoing network have been stubbed. [{\"name\":\"http\",\"status\":\"mocked\"},{\"name\":\"http\",\"status\":\"mocked\"},{\"name\":\"https\",\"status\":\"mocked\"},{\"name\":\"https\",\"status\":\"mocked\"},{\"name\":\"net\",\"status\":\"mocked\"}]"}}
[debug] [2022-12-29T13:40:53.556Z] [runtime-status] [28016] Resolved module firebase-functions {"declared":true,"installed":true,"version":"4.1.1","resolution":"C:\\Users\\dsich\\Desktop\\Evangadi\\FinalProjects\\Amazon\\Final_Amazon\\Amazon-Clone\\functions\\node_modules\\firebase-functions\\lib\\v1\\index.js"} {"metadata":{"emulator":{"name":"functions"},"function":{"name":"us-central1-api"},"extension":{},"message":"[runtime-status] [28016] Resolved module firebase-functions {\"declared\":true,\"installed\":true,\"version\":\"4.1.1\",\"resolution\":\"C:\\\\Users\\\\dsich\\\\Desktop\\\\Evangadi\\\\FinalProjects\\\\Amazon\\\\Final_Amazon\\\\Amazon-Clone\\\\functions\\\\node_modules\\\\firebase-functions\\\\lib\\\\v1\\\\index.js\"}"}}
[debug] [2022-12-29T13:40:53.630Z] [runtime-status] [23712] Checked functions.config() {"config":{}} {"metadata":{"emulator":{"name":"functions"},"function":{"name":"us-central1-api"},"extension":{},"message":"[runtime-status] [23712] Checked functions.config() {\"config\":{}}"}}
[debug] [2022-12-29T13:40:53.631Z] [runtime-status] [23712] firebase-functions has been stubbed. {"functionsResolution":{"declared":true,"installed":true,"version":"4.1.1","resolution":"C:\\Users\\dsich\\Desktop\\Evangadi\\FinalProjects\\Amazon\\Final_Amazon\\Amazon-Clone\\functions\\node_modules\\firebase-functions\\lib\\v1\\index.js"}} {"metadata":{"emulator":{"name":"functions"},"function":{"name":"us-central1-api"},"extension":{},"message":"[runtime-status] [23712] firebase-functions has been stubbed. {\"functionsResolution\":{\"declared\":true,\"installed\":true,\"version\":\"4.1.1\",\"resolution\":\"C:\\\\Users\\\\dsich\\\\Desktop\\\\Evangadi\\\\FinalProjects\\\\Amazon\\\\Final_Amazon\\\\Amazon-Clone\\\\functions\\\\node_modules\\\\firebase-functions\\\\lib\\\\v1\\\\index.js\"}}"}}
[debug] [2022-12-29T13:40:53.631Z] [runtime-status] [23712] Resolved module firebase-functions {"declared":true,"installed":true,"version":"4.1.1","resolution":"C:\\Users\\dsich\\Desktop\\Evangadi\\FinalProjects\\Amazon\\Final_Amazon\\Amazon-Clone\\functions\\node_modules\\firebase-functions\\lib\\v1\\index.js"} {"metadata":{"emulator":{"name":"functions"},"function":{"name":"us-central1-api"},"extension":{},"message":"[runtime-status] [23712] Resolved module firebase-functions {\"declared\":true,\"installed\":true,\"version\":\"4.1.1\",\"resolution\":\"C:\\\\Users\\\\dsich\\\\Desktop\\\\Evangadi\\\\FinalProjects\\\\Amazon\\\\Final_Amazon\\\\Amazon-Clone\\\\functions\\\\node_modules\\\\firebase-functions\\\\lib\\\\v1\\\\index.js\"}"}}
[debug] [2022-12-29T13:40:53.632Z] [runtime-status] [23712] Resolved module firebase-admin {"declared":true,"installed":true,"version":"10.3.0","resolution":"C:\\Users\\dsich\\Desktop\\Evangadi\\FinalProjects\\Amazon\\Final_Amazon\\Amazon-Clone\\functions\\node_modules\\firebase-admin\\lib\\index.js"} {"metadata":{"emulator":{"name":"functions"},"function":{"name":"us-central1-api"},"extension":{},"message":"[runtime-status] [23712] Resolved module firebase-admin {\"declared\":true,\"installed\":true,\"version\":\"10.3.0\",\"resolution\":\"C:\\\\Users\\\\dsich\\\\Desktop\\\\Evangadi\\\\FinalProjects\\\\Amazon\\\\Final_Amazon\\\\Amazon-Clone\\\\functions\\\\node_modules\\\\firebase-admin\\\\lib\\\\index.js\"}"}}
[debug] [2022-12-29T13:40:53.635Z] [runtime-status] [23712] Resolved module firebase-functions {"declared":true,"installed":true,"version":"4.1.1","resolution":"C:\\Users\\dsich\\Desktop\\Evangadi\\FinalProjects\\Amazon\\Final_Amazon\\Amazon-Clone\\functions\\node_modules\\firebase-functions\\lib\\v1\\index.js"} {"metadata":{"emulator":{"name":"functions"},"function":{"name":"us-central1-api"},"extension":{},"message":"[runtime-status] [23712] Resolved module firebase-functions {\"declared\":true,\"installed\":true,\"version\":\"4.1.1\",\"resolution\":\"C:\\\\Users\\\\dsich\\\\Desktop\\\\Evangadi\\\\FinalProjects\\\\Amazon\\\\Final_Amazon\\\\Amazon-Clone\\\\functions\\\\node_modules\\\\firebase-functions\\\\lib\\\\v1\\\\index.js\"}"}}
[debug] [2022-12-29T13:40:53.636Z] [runtime-status] [23712] firebase-admin has been stubbed. {"adminResolution":{"declared":true,"installed":true,"version":"10.3.0","resolution":"C:\\Users\\dsich\\Desktop\\Evangadi\\FinalProjects\\Amazon\\Final_Amazon\\Amazon-Clone\\functions\\node_modules\\firebase-admin\\lib\\index.js"}} {"metadata":{"emulator":{"name":"functions"},"function":{"name":"us-central1-api"},"extension":{},"message":"[runtime-status] [23712] firebase-admin has been stubbed. {\"adminResolution\":{\"declared\":true,\"installed\":true,\"version\":\"10.3.0\",\"resolution\":\"C:\\\\Users\\\\dsich\\\\Desktop\\\\Evangadi\\\\FinalProjects\\\\Amazon\\\\Final_Amazon\\\\Amazon-Clone\\\\functions\\\\node_modules\\\\firebase-admin\\\\lib\\\\index.js\"}}"}}
[debug] [2022-12-29T13:40:53.832Z] [runtime-status] [28016] Checked functions.config() {"config":{}} {"metadata":{"emulator":{"name":"functions"},"function":{"name":"us-central1-api"},"extension":{},"message":"[runtime-status] [28016] Checked functions.config() {\"config\":{}}"}}
[debug] [2022-12-29T13:40:53.832Z] [runtime-status] [28016] firebase-functions has been stubbed. {"functionsResolution":{"declared":true,"installed":true,"version":"4.1.1","resolution":"C:\\Users\\dsich\\Desktop\\Evangadi\\FinalProjects\\Amazon\\Final_Amazon\\Amazon-Clone\\functions\\node_modules\\firebase-functions\\lib\\v1\\index.js"}} {"metadata":{"emulator":{"name":"functions"},"function":{"name":"us-central1-api"},"extension":{},"message":"[runtime-status] [28016] firebase-functions has been stubbed. {\"functionsResolution\":{\"declared\":true,\"installed\":true,\"version\":\"4.1.1\",\"resolution\":\"C:\\\\Users\\\\dsich\\\\Desktop\\\\Evangadi\\\\FinalProjects\\\\Amazon\\\\Final_Amazon\\\\Amazon-Clone\\\\functions\\\\node_modules\\\\firebase-functions\\\\lib\\\\v1\\\\index.js\"}}"}}
[debug] [2022-12-29T13:40:53.833Z] [runtime-status] [28016] Resolved module firebase-functions {"declared":true,"installed":true,"version":"4.1.1","resolution":"C:\\Users\\dsich\\Desktop\\Evangadi\\FinalProjects\\Amazon\\Final_Amazon\\Amazon-Clone\\functions\\node_modules\\firebase-functions\\lib\\v1\\index.js"} {"metadata":{"emulator":{"name":"functions"},"function":{"name":"us-central1-api"},"extension":{},"message":"[runtime-status] [28016] Resolved module firebase-functions {\"declared\":true,\"installed\":true,\"version\":\"4.1.1\",\"resolution\":\"C:\\\\Users\\\\dsich\\\\Desktop\\\\Evangadi\\\\FinalProjects\\\\Amazon\\\\Final_Amazon\\\\Amazon-Clone\\\\functions\\\\node_modules\\\\firebase-functions\\\\lib\\\\v1\\\\index.js\"}"}}
[debug] [2022-12-29T13:40:53.835Z] [runtime-status] [28016] Resolved module firebase-admin {"declared":true,"installed":true,"version":"10.3.0","resolution":"C:\\Users\\dsich\\Desktop\\Evangadi\\FinalProjects\\Amazon\\Final_Amazon\\Amazon-Clone\\functions\\node_modules\\firebase-admin\\lib\\index.js"} {"metadata":{"emulator":{"name":"functions"},"function":{"name":"us-central1-api"},"extension":{},"message":"[runtime-status] [28016] Resolved module firebase-admin {\"declared\":true,\"installed\":true,\"version\":\"10.3.0\",\"resolution\":\"C:\\\\Users\\\\dsich\\\\Desktop\\\\Evangadi\\\\FinalProjects\\\\Amazon\\\\Final_Amazon\\\\Amazon-Clone\\\\functions\\\\node_modules\\\\firebase-admin\\\\lib\\\\index.js\"}"}}
[debug] [2022-12-29T13:40:53.839Z] [runtime-status] [28016] Resolved module firebase-functions {"declared":true,"installed":true,"version":"4.1.1","resolution":"C:\\Users\\dsich\\Desktop\\Evangadi\\FinalProjects\\Amazon\\Final_Amazon\\Amazon-Clone\\functions\\node_modules\\firebase-functions\\lib\\v1\\index.js"} {"metadata":{"emulator":{"name":"functions"},"function":{"name":"us-central1-api"},"extension":{},"message":"[runtime-status] [28016] Resolved module firebase-functions {\"declared\":true,\"installed\":true,\"version\":\"4.1.1\",\"resolution\":\"C:\\\\Users\\\\dsich\\\\Desktop\\\\Evangadi\\\\FinalProjects\\\\Amazon\\\\Final_Amazon\\\\Amazon-Clone\\\\functions\\\\node_modules\\\\firebase-functions\\\\lib\\\\v1\\\\index.js\"}"}}
[debug] [2022-12-29T13:40:53.839Z] [runtime-status] [28016] firebase-admin has been stubbed. {"adminResolution":{"declared":true,"installed":true,"version":"10.3.0","resolution":"C:\\Users\\dsich\\Desktop\\Evangadi\\FinalProjects\\Amazon\\Final_Amazon\\Amazon-Clone\\functions\\node_modules\\firebase-admin\\lib\\index.js"}} {"metadata":{"emulator":{"name":"functions"},"function":{"name":"us-central1-api"},"extension":{},"message":"[runtime-status] [28016] firebase-admin has been stubbed. {\"adminResolution\":{\"declared\":true,\"installed\":true,\"version\":\"10.3.0\",\"resolution\":\"C:\\\\Users\\\\dsich\\\\Desktop\\\\Evangadi\\\\FinalProjects\\\\Amazon\\\\Final_Amazon\\\\Amazon-Clone\\\\functions\\\\node_modules\\\\firebase-admin\\\\lib\\\\index.js\"}}"}}
[debug] [2022-12-29T13:40:53.864Z] [runtime-status] [23712] Functions runtime initialized. {"cwd":"C:\\Users\\dsich\\Desktop\\Evangadi\\FinalProjects\\Amazon\\Final_Amazon\\Amazon-Clone\\functions","node_version":"16.18.0"} {"metadata":{"emulator":{"name":"functions"},"function":{"name":"us-central1-api"},"extension":{},"message":"[runtime-status] [23712] Functions runtime initialized. {\"cwd\":\"C:\\\\Users\\\\dsich\\\\Desktop\\\\Evangadi\\\\FinalProjects\\\\Amazon\\\\Final_Amazon\\\\Amazon-Clone\\\\functions\",\"node_version\":\"16.18.0\"}"}}
[debug] [2022-12-29T13:40:53.865Z] [runtime-status] [23712] Listening to port: \\?\pipe\fire_emu_871f1061c5b8b915 {"metadata":{"emulator":{"name":"functions"},"function":{"name":"us-central1-api"},"extension":{},"message":"[runtime-status] [23712] Listening to port: \\\\?\\pipe\\fire_emu_871f1061c5b8b915"}}
[debug] [2022-12-29T13:40:53.934Z] [worker-us-central1-api-cd9e7e52-be1f-4347-99fb-fd934cdf3b60]: IDLE {"metadata":{"emulator":{"name":"functions"},"message":"[worker-us-central1-api-cd9e7e52-be1f-4347-99fb-fd934cdf3b60]: IDLE"}}
[debug] [2022-12-29T13:40:53.935Z] [worker-pool] submitRequest(triggerId=us-central1-api) {"metadata":{"emulator":{"name":"functions"},"message":"[worker-pool] submitRequest(triggerId=us-central1-api)"}}
[debug] [2022-12-29T13:40:53.935Z] [worker-us-central1-api-cd9e7e52-be1f-4347-99fb-fd934cdf3b60]: BUSY {"metadata":{"emulator":{"name":"functions"},"message":"[worker-us-central1-api-cd9e7e52-be1f-4347-99fb-fd934cdf3b60]: BUSY"}}
[info] i  functions: Beginning execution of "api" {"metadata":{"emulator":{"name":"functions"},"function":{"name":"us-central1-api"},"extension":{},"message":"Beginning execution of \"api\""}}
[info] i  functions: Finished "api" in 1.7368ms {"metadata":{"emulator":{"name":"functions"},"function":{"name":"us-central1-api"},"extension":{},"message":"Finished \"api\" in 1.7368ms"}}
[debug] [2022-12-29T13:40:54.060Z] [runtime-status] [28016] Functions runtime initialized. {"cwd":"C:\\Users\\dsich\\Desktop\\Evangadi\\FinalProjects\\Amazon\\Final_Amazon\\Amazon-Clone\\functions","node_version":"16.18.0"} {"metadata":{"emulator":{"name":"functions"},"function":{"name":"us-central1-api"},"extension":{},"message":"[runtime-status] [28016] Functions runtime initialized. {\"cwd\":\"C:\\\\Users\\\\dsich\\\\Desktop\\\\Evangadi\\\\FinalProjects\\\\Amazon\\\\Final_Amazon\\\\Amazon-Clone\\\\functions\",\"node_version\":\"16.18.0\"}"}}
[debug] [2022-12-29T13:40:54.061Z] [runtime-status] [28016] Listening to port: \\?\pipe\fire_emu_cceb88931d844c63 {"metadata":{"emulator":{"name":"functions"},"function":{"name":"us-central1-api"},"extension":{},"message":"[runtime-status] [28016] Listening to port: \\\\?\\pipe\\fire_emu_cceb88931d844c63"}}
[debug] [2022-12-29T13:40:54.081Z] [worker-us-central1-api-5b7857a1-5f79-4bdf-a81e-4e1a358d9d66]: IDLE {"metadata":{"emulator":{"name":"functions"},"message":"[worker-us-central1-api-5b7857a1-5f79-4bdf-a81e-4e1a358d9d66]: IDLE"}}
[debug] [2022-12-29T13:40:54.081Z] [worker-pool] submitRequest(triggerId=us-central1-api) {"metadata":{"emulator":{"name":"functions"},"message":"[worker-pool] submitRequest(triggerId=us-central1-api)"}}
[debug] [2022-12-29T13:40:54.081Z] [worker-us-central1-api-5b7857a1-5f79-4bdf-a81e-4e1a358d9d66]: BUSY {"metadata":{"emulator":{"name":"functions"},"message":"[worker-us-central1-api-5b7857a1-5f79-4bdf-a81e-4e1a358d9d66]: BUSY"}}
[info] i  functions: Beginning execution of "api" {"metadata":{"emulator":{"name":"functions"},"function":{"name":"us-central1-api"},"extension":{},"message":"Beginning execution of \"api\""}}
[info] >  Payment Request Recieved BOOM!!! for this amount >>>  23900 {"user":"Payment Request Recieved BOOM!!! for this amount >>>  23900","metadata":{"emulator":{"name":"functions"},"function":{"name":"us-central1-api"},"extension":{},"message":"\u001b[90m> \u001b[39m Payment Request Recieved BOOM!!! for this amount >>>  23900"}}
[debug] [2022-12-29T13:40:55.021Z] [worker-us-central1-api-5b7857a1-5f79-4bdf-a81e-4e1a358d9d66]: IDLE {"metadata":{"emulator":{"name":"functions"},"message":"[worker-us-central1-api-5b7857a1-5f79-4bdf-a81e-4e1a358d9d66]: IDLE"}}
[debug] [2022-12-29T13:40:55.021Z] [work-queue] {"queuedWork":[],"queueLength":0,"runningWork":["/clone-1e0b0/us-central1/api/payments/create-2022-12-29T13:37:31.895Z","/clone-1e0b0/us-central1/api/payments/create-2022-12-29T13:40:51.961Z"],"workRunningCount":2}
[info] i  functions: Finished "api" in 935.0499ms {"metadata":{"emulator":{"name":"functions"},"function":{"name":"us-central1-api"},"extension":{},"message":"Finished \"api\" in 935.0499ms"}}
