[debug] [2022-12-27T08:50:48.029Z] ----------------------------------------------------------------------
[debug] [2022-12-27T08:50:48.031Z] Command:       C:\Program Files\nodejs\node.exe C:\Users\dsich\AppData\Roaming\npm\node_modules\firebase-tools\lib\bin\firebase.js init
[debug] [2022-12-27T08:50:48.031Z] CLI Version:   11.19.0
[debug] [2022-12-27T08:50:48.031Z] Platform:      win32
[debug] [2022-12-27T08:50:48.031Z] Node Version:  v16.18.0
[debug] [2022-12-27T08:50:48.032Z] Time:          Tue Dec 27 2022 11:50:48 GMT+0300 (East Africa Time)
[debug] [2022-12-27T08:50:48.032Z] ----------------------------------------------------------------------
[debug] 
[debug] [2022-12-27T08:50:48.039Z] > command requires scopes: ["email","openid","https://www.googleapis.com/auth/cloudplatformprojects.readonly","https://www.googleapis.com/auth/firebase","https://www.googleapis.com/auth/cloud-platform"]
[debug] [2022-12-27T08:50:48.039Z] > authorizing via signed-in user (dsichale@gmail.com)
[info] 
     ######## #### ########  ######## ########     ###     ######  ########
     ##        ##  ##     ## ##       ##     ##  ##   ##  ##       ##
     ######    ##  ########  ######   ########  #########  ######  ######
     ##        ##  ##    ##  ##       ##     ## ##     ##       ## ##
     ##       #### ##     ## ######## ########  ##     ##  ######  ########

You're about to initialize a Firebase project in this directory:

  C:\Users\dsich\Desktop\Evangadi\FinalProjects\Amazon\Final_Amazon\Amazon-Clone

[info] 
=== Project Setup
[info] 
[info] First, let's associate this project directory with a Firebase project.
[info] You can create multiple project aliases by running firebase use --add, 
[info] but for now we'll just set up a default project.
[info] 
[debug] [2022-12-27T08:54:03.285Z] > refreshing access token with scopes: []
[debug] [2022-12-27T08:54:03.289Z] >>> [apiv2][query] POST https://www.googleapis.com/oauth2/v3/token [none]
[debug] [2022-12-27T08:54:03.290Z] >>> [apiv2][body] POST https://www.googleapis.com/oauth2/v3/token [omitted]
[debug] [2022-12-27T08:54:08.067Z] <<< [apiv2][status] POST https://www.googleapis.com/oauth2/v3/token 200
[debug] [2022-12-27T08:54:08.067Z] <<< [apiv2][body] POST https://www.googleapis.com/oauth2/v3/token [omitted]
[debug] [2022-12-27T08:54:08.083Z] >>> [apiv2][query] GET https://firebase.googleapis.com/v1beta1/projects pageSize=100
[debug] [2022-12-27T08:54:09.208Z] <<< [apiv2][status] GET https://firebase.googleapis.com/v1beta1/projects 200
[debug] [2022-12-27T08:54:09.208Z] <<< [apiv2][body] GET https://firebase.googleapis.com/v1beta1/projects [omitted]
[info] i  Using project clone-1e0b0 (Amazon-clone) 
[info] 
=== Functions Setup
[debug] [2022-12-27T08:54:18.472Z] > command requires scopes: ["email","openid","https://www.googleapis.com/auth/cloudplatformprojects.readonly","https://www.googleapis.com/auth/firebase","https://www.googleapis.com/auth/cloud-platform"]
[debug] [2022-12-27T08:54:18.472Z] > authorizing via signed-in user (dsichale@gmail.com)
[debug] [2022-12-27T08:54:18.473Z] [iam] checking project clone-1e0b0 for permissions ["firebase.projects.get"]
[debug] [2022-12-27T08:54:18.473Z] >>> [apiv2][query] POST https://cloudresourcemanager.googleapis.com/v1/projects/clone-1e0b0:testIamPermissions [none]
[debug] [2022-12-27T08:54:18.473Z] >>> [apiv2][(partial)header] POST https://cloudresourcemanager.googleapis.com/v1/projects/clone-1e0b0:testIamPermissions x-goog-quota-user=projects/clone-1e0b0
[debug] [2022-12-27T08:54:18.473Z] >>> [apiv2][body] POST https://cloudresourcemanager.googleapis.com/v1/projects/clone-1e0b0:testIamPermissions {"permissions":["firebase.projects.get"]}
[debug] [2022-12-27T08:54:20.346Z] <<< [apiv2][status] POST https://cloudresourcemanager.googleapis.com/v1/projects/clone-1e0b0:testIamPermissions 200
[debug] [2022-12-27T08:54:20.346Z] <<< [apiv2][body] POST https://cloudresourcemanager.googleapis.com/v1/projects/clone-1e0b0:testIamPermissions {"permissions":["firebase.projects.get"]}
[debug] [2022-12-27T08:54:20.347Z] >>> [apiv2][query] GET https://serviceusage.googleapis.com/v1/projects/clone-1e0b0/services/cloudfunctions.googleapis.com [none]
[debug] [2022-12-27T08:54:20.347Z] >>> [apiv2][(partial)header] GET https://serviceusage.googleapis.com/v1/projects/clone-1e0b0/services/cloudfunctions.googleapis.com x-goog-quota-user=projects/clone-1e0b0
[debug] [2022-12-27T08:54:20.349Z] >>> [apiv2][query] GET https://serviceusage.googleapis.com/v1/projects/clone-1e0b0/services/runtimeconfig.googleapis.com [none]
[debug] [2022-12-27T08:54:20.349Z] >>> [apiv2][(partial)header] GET https://serviceusage.googleapis.com/v1/projects/clone-1e0b0/services/runtimeconfig.googleapis.com x-goog-quota-user=projects/clone-1e0b0
[debug] [2022-12-27T08:54:22.439Z] <<< [apiv2][status] GET https://serviceusage.googleapis.com/v1/projects/clone-1e0b0/services/runtimeconfig.googleapis.com 200
[debug] [2022-12-27T08:54:22.439Z] <<< [apiv2][body] GET https://serviceusage.googleapis.com/v1/projects/clone-1e0b0/services/runtimeconfig.googleapis.com [omitted]
[debug] [2022-12-27T08:54:22.505Z] <<< [apiv2][status] GET https://serviceusage.googleapis.com/v1/projects/clone-1e0b0/services/cloudfunctions.googleapis.com 200
[debug] [2022-12-27T08:54:22.506Z] <<< [apiv2][body] GET https://serviceusage.googleapis.com/v1/projects/clone-1e0b0/services/cloudfunctions.googleapis.com [omitted]
[debug] [2022-12-27T08:54:22.507Z] >>> [apiv2][query] POST https://serviceusage.googleapis.com/v1/projects/clone-1e0b0/services/cloudfunctions.googleapis.com:enable [none]
[debug] [2022-12-27T08:54:22.507Z] >>> [apiv2][(partial)header] POST https://serviceusage.googleapis.com/v1/projects/clone-1e0b0/services/cloudfunctions.googleapis.com:enable x-goog-quota-user=projects/clone-1e0b0
[debug] [2022-12-27T08:54:25.132Z] <<< [apiv2][status] POST https://serviceusage.googleapis.com/v1/projects/clone-1e0b0/services/cloudfunctions.googleapis.com:enable 200
[debug] [2022-12-27T08:54:25.132Z] <<< [apiv2][body] POST https://serviceusage.googleapis.com/v1/projects/clone-1e0b0/services/cloudfunctions.googleapis.com:enable [omitted]
[debug] [2022-12-27T08:54:35.134Z] >>> [apiv2][query] GET https://serviceusage.googleapis.com/v1/projects/clone-1e0b0/services/cloudfunctions.googleapis.com [none]
[debug] [2022-12-27T08:54:35.134Z] >>> [apiv2][(partial)header] GET https://serviceusage.googleapis.com/v1/projects/clone-1e0b0/services/cloudfunctions.googleapis.com x-goog-quota-user=projects/clone-1e0b0
[debug] [2022-12-27T08:54:37.085Z] <<< [apiv2][status] GET https://serviceusage.googleapis.com/v1/projects/clone-1e0b0/services/cloudfunctions.googleapis.com 200
[debug] [2022-12-27T08:54:37.085Z] <<< [apiv2][body] GET https://serviceusage.googleapis.com/v1/projects/clone-1e0b0/services/cloudfunctions.googleapis.com [omitted]
[info] Let's create a new codebase for your functions.
[info] A directory corresponding to the codebase will be created in your project
[info] with sample code pre-configured.

[info] See https://firebase.google.com/docs/functions/organize-functions for
[info] more information on organizing your functions using codebases.

[info] Functions can be deployed with firebase deploy.

[info] +  Wrote functions/package.json 
[info] +  Wrote functions/.eslintrc.js 
[info] +  Wrote functions/index.js 
[info] +  Wrote functions/.gitignore 
[info] 
[error] NPM install failed, continuing with Firebase initialization...
[info] 
[info] i  Writing configuration info to firebase.json... 
[info] i  Writing project information to .firebaserc... 
[info] 
[info] +  Firebase initialization complete! 
[debug] [2022-12-27T08:55:40.078Z] Error: Timed out.
    at Timeout._onTimeout (C:\Users\dsich\AppData\Roaming\npm\node_modules\firebase-tools\lib\utils.js:253:49)
    at listOnTimeout (node:internal/timers:559:17)
    at processTimers (node:internal/timers:502:7)
[error] 
[error] Error: An unexpected error has occurred.
[debug] [2022-12-27T08:56:31.995Z] ----------------------------------------------------------------------
[debug] [2022-12-27T08:56:31.996Z] Command:       C:\Program Files\nodejs\node.exe C:\Users\dsich\AppData\Roaming\npm\node_modules\firebase-tools\lib\bin\firebase.js init
[debug] [2022-12-27T08:56:31.997Z] CLI Version:   11.19.0
[debug] [2022-12-27T08:56:31.997Z] Platform:      win32
[debug] [2022-12-27T08:56:31.997Z] Node Version:  v16.18.0
[debug] [2022-12-27T08:56:31.998Z] Time:          Tue Dec 27 2022 11:56:31 GMT+0300 (East Africa Time)
[debug] [2022-12-27T08:56:31.998Z] ----------------------------------------------------------------------
[debug] 
[debug] [2022-12-27T08:56:32.085Z] > command requires scopes: ["email","openid","https://www.googleapis.com/auth/cloudplatformprojects.readonly","https://www.googleapis.com/auth/firebase","https://www.googleapis.com/auth/cloud-platform"]
[debug] [2022-12-27T08:56:32.086Z] > authorizing via signed-in user (dsichale@gmail.com)
[info] 
     ######## #### ########  ######## ########     ###     ######  ########
     ##        ##  ##     ## ##       ##     ##  ##   ##  ##       ##
     ######    ##  ########  ######   ########  #########  ######  ######
     ##        ##  ##    ##  ##       ##     ## ##     ##       ## ##
     ##       #### ##     ## ######## ########  ##     ##  ######  ########

You're about to initialize a Firebase project in this directory:

  C:\Users\dsich\Desktop\Evangadi\FinalProjects\Amazon\Final_Amazon\Amazon-Clone

Before we get started, keep in mind:

  * You are initializing within an existing Firebase project directory

[info] 
=== Project Setup
[info] 
[info] First, let's associate this project directory with a Firebase project.
[info] You can create multiple project aliases by running firebase use --add, 
[info] but for now we'll just set up a default project.
[info] 
[debug] [2022-12-27T08:56:39.735Z] Using project from CLI flag: clone-1e0b0
[debug] [2022-12-27T08:56:39.738Z] >>> [apiv2][query] GET https://firebase.googleapis.com/v1beta1/projects/clone-1e0b0 [none]
[debug] [2022-12-27T08:56:41.246Z] <<< [apiv2][status] GET https://firebase.googleapis.com/v1beta1/projects/clone-1e0b0 200
[debug] [2022-12-27T08:56:41.246Z] <<< [apiv2][body] GET https://firebase.googleapis.com/v1beta1/projects/clone-1e0b0 {"projectId":"clone-1e0b0","projectNumber":"48605803175","displayName":"Amazon-clone","name":"projects/clone-1e0b0","resources":{"hostingSite":"clone-1e0b0"},"state":"ACTIVE","etag":"1_014e271b-546d-418e-86d5-2e09da258a13"}
[info] i  Using project clone-1e0b0 (Amazon-clone) 
[info] 
=== Functions Setup
[debug] [2022-12-27T08:56:41.256Z] > command requires scopes: ["email","openid","https://www.googleapis.com/auth/cloudplatformprojects.readonly","https://www.googleapis.com/auth/firebase","https://www.googleapis.com/auth/cloud-platform"]
[debug] [2022-12-27T08:56:41.256Z] > authorizing via signed-in user (dsichale@gmail.com)
[debug] [2022-12-27T08:56:41.256Z] [iam] checking project clone-1e0b0 for permissions ["firebase.projects.get"]
[debug] [2022-12-27T08:56:41.257Z] >>> [apiv2][query] POST https://cloudresourcemanager.googleapis.com/v1/projects/clone-1e0b0:testIamPermissions [none]
[debug] [2022-12-27T08:56:41.257Z] >>> [apiv2][(partial)header] POST https://cloudresourcemanager.googleapis.com/v1/projects/clone-1e0b0:testIamPermissions x-goog-quota-user=projects/clone-1e0b0
[debug] [2022-12-27T08:56:41.257Z] >>> [apiv2][body] POST https://cloudresourcemanager.googleapis.com/v1/projects/clone-1e0b0:testIamPermissions {"permissions":["firebase.projects.get"]}
[debug] [2022-12-27T08:56:43.032Z] <<< [apiv2][status] POST https://cloudresourcemanager.googleapis.com/v1/projects/clone-1e0b0:testIamPermissions 200
[debug] [2022-12-27T08:56:43.032Z] <<< [apiv2][body] POST https://cloudresourcemanager.googleapis.com/v1/projects/clone-1e0b0:testIamPermissions {"permissions":["firebase.projects.get"]}
[debug] [2022-12-27T08:56:43.032Z] >>> [apiv2][query] GET https://serviceusage.googleapis.com/v1/projects/clone-1e0b0/services/cloudfunctions.googleapis.com [none]
[debug] [2022-12-27T08:56:43.032Z] >>> [apiv2][(partial)header] GET https://serviceusage.googleapis.com/v1/projects/clone-1e0b0/services/cloudfunctions.googleapis.com x-goog-quota-user=projects/clone-1e0b0
[debug] [2022-12-27T08:56:43.033Z] >>> [apiv2][query] GET https://serviceusage.googleapis.com/v1/projects/clone-1e0b0/services/runtimeconfig.googleapis.com [none]
[debug] [2022-12-27T08:56:43.033Z] >>> [apiv2][(partial)header] GET https://serviceusage.googleapis.com/v1/projects/clone-1e0b0/services/runtimeconfig.googleapis.com x-goog-quota-user=projects/clone-1e0b0
[debug] [2022-12-27T08:56:48.152Z] <<< [apiv2][status] GET https://serviceusage.googleapis.com/v1/projects/clone-1e0b0/services/cloudfunctions.googleapis.com 200
[debug] [2022-12-27T08:56:48.152Z] <<< [apiv2][body] GET https://serviceusage.googleapis.com/v1/projects/clone-1e0b0/services/cloudfunctions.googleapis.com [omitted]
[debug] [2022-12-27T08:56:48.152Z] <<< [apiv2][status] GET https://serviceusage.googleapis.com/v1/projects/clone-1e0b0/services/runtimeconfig.googleapis.com 200
[debug] [2022-12-27T08:56:48.153Z] <<< [apiv2][body] GET https://serviceusage.googleapis.com/v1/projects/clone-1e0b0/services/runtimeconfig.googleapis.com [omitted]
[info] 
Detected existing codebase(s): default

[info] 
Overwriting codebase default...

[info] +  Wrote functions/package.json 
[info] +  Wrote functions/.eslintrc.js 
[info] +  Wrote functions/index.js 
[info] +  Wrote functions/.gitignore 
[info] 
[info] i  Writing configuration info to firebase.json... 
[info] i  Writing project information to .firebaserc... 
[info] 
[info] +  Firebase initialization complete! 
[debug] [2022-12-27T08:59:35.824Z] Error: Timed out.
    at Timeout.<anonymous> (C:\Users\dsich\AppData\Roaming\npm\node_modules\firebase-tools\lib\utils.js:253:49)
    at listOnTimeout (node:internal/timers:559:17)
    at processTimers (node:internal/timers:502:7)
[error] 
[error] Error: An unexpected error has occurred.
